# JRE version: OpenJDK Runtime Environment (17.0.11) (build 17.0.11+0--11852314)
# Java VM: OpenJDK 64-Bit Server VM (17.0.11+0--11852314, mixed mode, tiered, compressed oops, compressed class ptrs, g1 gc, windows-amd64)
GC Precious Log:
 CPUs: 8 total, 8 available
 Memory: 7918M
 Large Page Support: Disabled
 NUMA Support: Disabled
 Compressed Oops: Enabled (32-bit)
 Heap Region Size: 1M
 Heap Min Capacity: 8M
 Heap Initial Capacity: 124M
 Heap Max Capacity: 2G
 Pre-touch: Disabled
 Parallel Workers: 8
 Concurrent Workers: 2
 Concurrent Refinement Workers: 8
 Periodic GC: Disabled
Heap:
 garbage-first heap   total 243712K, used 170853K [0x0000000080000000, 0x0000000100000000)
  region size 1024K, 65 young (66560K), 8 survivors (8192K)
 Metaspace       used 117489K, committed 118144K, reserved 1179648K
  class space    used 15067K, committed 15360K, reserved 1048576K
GC Heap History (20 events):
Event: 16.111 GC heap before
{Heap before GC invocations=31 (full 0):
 garbage-first heap   total 119808K, used 72825K [0x0000000080000000, 0x0000000100000000)
  region size 1024K, 5 young (5120K), 2 survivors (2048K)
 Metaspace       used 63930K, committed 64512K, reserved 1114112K
  class space    used 9029K, committed 9280K, reserved 1048576K
}
Event: 16.116 GC heap after
{Heap after GC invocations=32 (full 0):
 garbage-first heap   total 119808K, used 69495K [0x0000000080000000, 0x0000000100000000)
  region size 1024K, 1 young (1024K), 1 survivors (1024K)
 Metaspace       used 63930K, committed 64512K, reserved 1114112K
  class space    used 9029K, committed 9280K, reserved 1048576K
}
Event: 17.234 GC heap before
{Heap before GC invocations=32 (full 0):
 garbage-first heap   total 119808K, used 98167K [0x0000000080000000, 0x0000000100000000)
  region size 1024K, 29 young (29696K), 1 survivors (1024K)
 Metaspace       used 68148K, committed 68736K, reserved 1114112K
  class space    used 9525K, committed 9792K, reserved 1048576K
}
Event: 17.238 GC heap after
{Heap after GC invocations=33 (full 0):
 garbage-first heap   total 119808K, used 70095K [0x0000000080000000, 0x0000000100000000)
  region size 1024K, 1 young (1024K), 1 survivors (1024K)
 Metaspace       used 68148K, committed 68736K, reserved 1114112K
  class space    used 9525K, committed 9792K, reserved 1048576K
}
Event: 18.137 GC heap before
{Heap before GC invocations=34 (full 0):
 garbage-first heap   total 121856K, used 106959K [0x0000000080000000, 0x0000000100000000)
  region size 1024K, 30 young (30720K), 1 survivors (1024K)
 Metaspace       used 71915K, committed 72576K, reserved 1114112K
  class space    used 10022K, committed 10304K, reserved 1048576K
}
Event: 18.141 GC heap after
{Heap after GC invocations=35 (full 0):
 garbage-first heap   total 121856K, used 79542K [0x0000000080000000, 0x0000000100000000)
  region size 1024K, 3 young (3072K), 3 survivors (3072K)
 Metaspace       used 71915K, committed 72576K, reserved 1114112K
  class space    used 10022K, committed 10304K, reserved 1048576K
}
Event: 18.163 GC heap before
{Heap before GC invocations=35 (full 0):
 garbage-first heap   total 121856K, used 81590K [0x0000000080000000, 0x0000000100000000)
  region size 1024K, 5 young (5120K), 3 survivors (3072K)
 Metaspace       used 71915K, committed 72576K, reserved 1114112K
  class space    used 10022K, committed 10304K, reserved 1048576K
}
Event: 18.169 GC heap after
{Heap after GC invocations=36 (full 0):
 garbage-first heap   total 121856K, used 79577K [0x0000000080000000, 0x0000000100000000)
  region size 1024K, 1 young (1024K), 1 survivors (1024K)
 Metaspace       used 71915K, committed 72576K, reserved 1114112K
  class space    used 10022K, committed 10304K, reserved 1048576K
}
Event: 18.578 GC heap before
{Heap before GC invocations=36 (full 0):
 garbage-first heap   total 121856K, used 102105K [0x0000000080000000, 0x0000000100000000)
  region size 1024K, 23 young (23552K), 1 survivors (1024K)
 Metaspace       used 72035K, committed 72704K, reserved 1114112K
  class space    used 10027K, committed 10304K, reserved 1048576K
}
Event: 18.591 GC heap after
{Heap after GC invocations=37 (full 0):
 garbage-first heap   total 243712K, used 87789K [0x0000000080000000, 0x0000000100000000)
  region size 1024K, 3 young (3072K), 3 survivors (3072K)
 Metaspace       used 72035K, committed 72704K, reserved 1114112K
  class space    used 10027K, committed 10304K, reserved 1048576K
}
Event: 21.091 GC heap before
{Heap before GC invocations=37 (full 0):
 garbage-first heap   total 243712K, used 185069K [0x0000000080000000, 0x0000000100000000)
  region size 1024K, 91 young (93184K), 3 survivors (3072K)
 Metaspace       used 82160K, committed 82752K, reserved 1179648K
  class space    used 11081K, committed 11328K, reserved 1048576K
}
Event: 21.104 GC heap after
{Heap after GC invocations=38 (full 0):
 garbage-first heap   total 243712K, used 93933K [0x0000000080000000, 0x0000000100000000)
  region size 1024K, 9 young (9216K), 9 survivors (9216K)
 Metaspace       used 82160K, committed 82752K, reserved 1179648K
  class space    used 11081K, committed 11328K, reserved 1048576K
}
Event: 30.710 GC heap before
{Heap before GC invocations=38 (full 0):
 garbage-first heap   total 243712K, used 185069K [0x0000000080000000, 0x0000000100000000)
  region size 1024K, 97 young (99328K), 9 survivors (9216K)
 Metaspace       used 90858K, committed 91456K, reserved 1179648K
  class space    used 12150K, committed 12416K, reserved 1048576K
}
Event: 30.741 GC heap after
{Heap after GC invocations=39 (full 0):
 garbage-first heap   total 243712K, used 99314K [0x0000000080000000, 0x0000000100000000)
  region size 1024K, 12 young (12288K), 12 survivors (12288K)
 Metaspace       used 90858K, committed 91456K, reserved 1179648K
  class space    used 12150K, committed 12416K, reserved 1048576K
}
Event: 41.597 GC heap before
{Heap before GC invocations=39 (full 0):
 garbage-first heap   total 243712K, used 189426K [0x0000000080000000, 0x0000000100000000)
  region size 1024K, 100 young (102400K), 12 survivors (12288K)
 Metaspace       used 98298K, committed 98880K, reserved 1179648K
  class space    used 12952K, committed 13184K, reserved 1048576K
}
Event: 41.612 GC heap after
{Heap after GC invocations=40 (full 0):
 garbage-first heap   total 243712K, used 105113K [0x0000000080000000, 0x0000000100000000)
  region size 1024K, 11 young (11264K), 11 survivors (11264K)
 Metaspace       used 98298K, committed 98880K, reserved 1179648K
  class space    used 12952K, committed 13184K, reserved 1048576K
}
Event: 52.586 GC heap before
{Heap before GC invocations=40 (full 0):
 garbage-first heap   total 243712K, used 193177K [0x0000000080000000, 0x0000000100000000)
  region size 1024K, 97 young (99328K), 11 survivors (11264K)
 Metaspace       used 110241K, committed 110848K, reserved 1179648K
  class space    used 14221K, committed 14464K, reserved 1048576K
}
Event: 52.613 GC heap after
{Heap after GC invocations=41 (full 0):
 garbage-first heap   total 243712K, used 109170K [0x0000000080000000, 0x0000000100000000)
  region size 1024K, 11 young (11264K), 11 survivors (11264K)
 Metaspace       used 110241K, committed 110848K, reserved 1179648K
  class space    used 14221K, committed 14464K, reserved 1048576K
}
Event: 58.778 GC heap before
{Heap before GC invocations=41 (full 0):
 garbage-first heap   total 243712K, used 182898K [0x0000000080000000, 0x0000000100000000)
  region size 1024K, 83 young (84992K), 11 survivors (11264K)
 Metaspace       used 114388K, committed 115008K, reserved 1179648K
  class space    used 14649K, committed 14912K, reserved 1048576K
}
Event: 58.795 GC heap after
{Heap after GC invocations=42 (full 0):
 garbage-first heap   total 243712K, used 113509K [0x0000000080000000, 0x0000000100000000)
  region size 1024K, 8 young (8192K), 8 survivors (8192K)
 Metaspace       used 114388K, committed 115008K, reserved 1179648K
  class space    used 14649K, committed 14912K, reserved 1048576K
}

